<?xml version="1.0" encoding="UTF-8"?>
<!-- Generated by org.testng.reporters.JUnitXMLReporter -->
<testsuite ignored="0" hostname="DESKTOP-285KDFR" failures="0" tests="4" name="Test" time="2.452" errors="0" timestamp="2022-10-24T22:22:29 IST">
  <testcase classname="testClasses.TestClass1" name="test1A" time="0.016"/>
  <testcase classname="testClasses.TestClass1" name="test1B" time="0.0"/>
  <testcase classname="testClasses.TestClass2" name="test2A" time="0.0"/>
  <testcase classname="testClasses.TestClass2" name="test2B" time="0.0"/>
</testsuite> <!-- Test -->
