<?xml version="1.0" encoding="UTF-8"?>
<testng-results ignored="0" total="4" passed="4" failed="0" skipped="0">
  <reporter-output>
  </reporter-output>
  <suite started-at="2022-10-24T22:22:27 IST" name="Suite" finished-at="2022-10-24T22:22:29 IST" duration-ms="2452">
    <groups>
    </groups>
    <test started-at="2022-10-24T22:22:27 IST" name="Test" finished-at="2022-10-24T22:22:29 IST" duration-ms="2452">
      <class name="testClasses.TestClass2">
        <test-method signature="test2A()[pri:0, instance:testClasses.TestClass2@1a4927d6]" started-at="2022-10-24T22:22:29 IST" name="test2A" finished-at="2022-10-24T22:22:29 IST" duration-ms="0" status="PASS">
          <reporter-output>
          </reporter-output>
        </test-method> <!-- test2A -->
        <test-method is-config="true" signature="setUp()[pri:0, instance:testClasses.TestClass2@1a4927d6]" started-at="2022-10-24T22:22:29 IST" name="setUp" finished-at="2022-10-24T22:22:29 IST" duration-ms="0" status="PASS">
          <reporter-output>
          </reporter-output>
        </test-method> <!-- setUp -->
        <test-method signature="test2B()[pri:0, instance:testClasses.TestClass2@1a4927d6]" started-at="2022-10-24T22:22:29 IST" name="test2B" finished-at="2022-10-24T22:22:29 IST" duration-ms="0" status="PASS">
          <reporter-output>
          </reporter-output>
        </test-method> <!-- test2B -->
        <test-method is-config="true" signature="tearDown()[pri:0, instance:testClasses.TestClass2@1a4927d6]" started-at="2022-10-24T22:22:29 IST" name="tearDown" finished-at="2022-10-24T22:22:29 IST" duration-ms="0" status="PASS">
          <reporter-output>
          </reporter-output>
        </test-method> <!-- tearDown -->
      </class> <!-- testClasses.TestClass2 -->
      <class name="testClasses.TestClass1">
        <test-method is-config="true" signature="setUp()[pri:0, instance:testClasses.TestClass1@491b9b8]" started-at="2022-10-24T22:22:28 IST" name="setUp" finished-at="2022-10-24T22:22:29 IST" duration-ms="1234" status="PASS">
          <reporter-output>
          </reporter-output>
        </test-method> <!-- setUp -->
        <test-method signature="test1A()[pri:0, instance:testClasses.TestClass1@491b9b8]" started-at="2022-10-24T22:22:29 IST" name="test1A" finished-at="2022-10-24T22:22:29 IST" duration-ms="16" status="PASS">
          <reporter-output>
          </reporter-output>
        </test-method> <!-- test1A -->
        <test-method signature="test1B()[pri:0, instance:testClasses.TestClass1@491b9b8]" started-at="2022-10-24T22:22:29 IST" name="test1B" finished-at="2022-10-24T22:22:29 IST" duration-ms="0" status="PASS">
          <reporter-output>
          </reporter-output>
        </test-method> <!-- test1B -->
        <test-method is-config="true" signature="tearDown()[pri:0, instance:testClasses.TestClass1@491b9b8]" started-at="2022-10-24T22:22:29 IST" name="tearDown" finished-at="2022-10-24T22:22:29 IST" duration-ms="0" status="PASS">
          <reporter-output>
          </reporter-output>
        </test-method> <!-- tearDown -->
      </class> <!-- testClasses.TestClass1 -->
    </test> <!-- Test -->
  </suite> <!-- Suite -->
</testng-results>
